2025-11-21T19:16:00Z [browserstack_sdk.__init__][INFO] - SDK run started with id: 0911b820-24b6-4de7-9154-559d6932661c
2025-11-21T19:16:00Z [browserstack_sdk.__init__][INFO] - Project and debug logs are captured by default. To disable, set disableAutoCaptureLogs: true in config.
2025-11-21T19:16:03Z [browserstack_sdk.__init__][INFO] - Setting up for Browserstack, using framework: robot
==============================================================================
Test                                                                          
==============================================================================
2025-11-21T19:16:03Z [browserstack_sdk.__init__][INFO] - Completed setup!
LOGIN_TEST                                                            | PASS |
------------------------------------------------------------------------------
LOGOUT_TEST                                                           | PASS |
------------------------------------------------------------------------------
BUY_PRODUCT_TEST                                                      | PASS |
------------------------------------------------------------------------------
REMOVE_FROM_CART_TEST                                                 | PASS |
------------------------------------------------------------------------------
Test                                                                  | PASS |
4 tests, 4 passed, 0 failed
==============================================================================
Output:  /app/pabot_results/2/output.xml
2025-11-21T19:17:47Z [browserstack_sdk.__init__][INFO] - Handling session close
2025-11-21T19:17:47Z [browserstack_sdk.__init__][INFO] - All done!
