2025-11-21T19:16:00Z [browserstack_sdk.__init__][INFO] - SDK run started with id: 24201801-0ac2-4a02-ae09-3cbd0a0c3fc0
2025-11-21T19:16:00Z [browserstack_sdk.__init__][INFO] - Project and debug logs are captured by default. To disable, set disableAutoCaptureLogs: true in config.
2025-11-21T19:16:03Z [browserstack_sdk.__init__][INFO] - Setting up for Browserstack, using framework: robot
==============================================================================
Test                                                                          
==============================================================================
2025-11-21T19:16:03Z [browserstack_sdk.__init__][INFO] - Completed setup!
LOGIN_TEST                                                            | PASS |
------------------------------------------------------------------------------
LOGOUT_TEST                                                           | PASS |
------------------------------------------------------------------------------
BUY_PRODUCT_TEST                                                      | PASS |
------------------------------------------------------------------------------
REMOVE_FROM_CART_TEST                                                 | PASS |
------------------------------------------------------------------------------
Test                                                                  | PASS |
4 tests, 4 passed, 0 failed
==============================================================================
Output:  /app/pabot_results/1/output.xml
2025-11-21T19:17:23Z [browserstack_sdk.__init__][INFO] - Handling session close
2025-11-21T19:17:23Z [browserstack_sdk.__init__][INFO] - All done!
